running egg_info
creating ../../build/robot_push/robot_push.egg-info
writing ../../build/robot_push/robot_push.egg-info/PKG-INFO
writing dependency_links to ../../build/robot_push/robot_push.egg-info/dependency_links.txt
writing entry points to ../../build/robot_push/robot_push.egg-info/entry_points.txt
writing requirements to ../../build/robot_push/robot_push.egg-info/requires.txt
writing top-level names to ../../build/robot_push/robot_push.egg-info/top_level.txt
writing manifest file '../../build/robot_push/robot_push.egg-info/SOURCES.txt'
reading manifest file '../../build/robot_push/robot_push.egg-info/SOURCES.txt'
writing manifest file '../../build/robot_push/robot_push.egg-info/SOURCES.txt'
running build
running build_py
creating /home/xcy/ros2_workspace/build/robot_push/build
creating /home/xcy/ros2_workspace/build/robot_push/build/lib
creating /home/xcy/ros2_workspace/build/robot_push/build/lib/robot_push
copying robot_push/py_sub_spiral.py -> /home/xcy/ros2_workspace/build/robot_push/build/lib/robot_push
copying robot_push/py_pub_spiral.py -> /home/xcy/ros2_workspace/build/robot_push/build/lib/robot_push
copying robot_push/__init__.py -> /home/xcy/ros2_workspace/build/robot_push/build/lib/robot_push
running install
running install_lib
creating /home/xcy/ros2_workspace/install/robot_push/lib/python3.8/site-packages/robot_push
copying /home/xcy/ros2_workspace/build/robot_push/build/lib/robot_push/py_sub_spiral.py -> /home/xcy/ros2_workspace/install/robot_push/lib/python3.8/site-packages/robot_push
copying /home/xcy/ros2_workspace/build/robot_push/build/lib/robot_push/py_pub_spiral.py -> /home/xcy/ros2_workspace/install/robot_push/lib/python3.8/site-packages/robot_push
copying /home/xcy/ros2_workspace/build/robot_push/build/lib/robot_push/__init__.py -> /home/xcy/ros2_workspace/install/robot_push/lib/python3.8/site-packages/robot_push
byte-compiling /home/xcy/ros2_workspace/install/robot_push/lib/python3.8/site-packages/robot_push/py_sub_spiral.py to py_sub_spiral.cpython-38.pyc
byte-compiling /home/xcy/ros2_workspace/install/robot_push/lib/python3.8/site-packages/robot_push/py_pub_spiral.py to py_pub_spiral.cpython-38.pyc
byte-compiling /home/xcy/ros2_workspace/install/robot_push/lib/python3.8/site-packages/robot_push/__init__.py to __init__.cpython-38.pyc
running install_data
creating /home/xcy/ros2_workspace/install/robot_push/share/ament_index
creating /home/xcy/ros2_workspace/install/robot_push/share/ament_index/resource_index
creating /home/xcy/ros2_workspace/install/robot_push/share/ament_index/resource_index/packages
copying resource/robot_push -> /home/xcy/ros2_workspace/install/robot_push/share/ament_index/resource_index/packages
copying package.xml -> /home/xcy/ros2_workspace/install/robot_push/share/robot_push
running install_egg_info
Copying ../../build/robot_push/robot_push.egg-info to /home/xcy/ros2_workspace/install/robot_push/lib/python3.8/site-packages/robot_push-0.0.0-py3.8.egg-info
running install_scripts
Installing py_topic_publisher_spiral script to /home/xcy/ros2_workspace/install/robot_push/lib/robot_push
Installing py_topic_subscriber_spiral script to /home/xcy/ros2_workspace/install/robot_push/lib/robot_push
writing list of installed files to '/home/xcy/ros2_workspace/build/robot_push/install.log'
