[0.798s] Invoking command in '/home/xcy/ros2_workspace/src/robot_push': PYTHONPATH=/home/xcy/ros2_workspace/build/robot_push/prefix_override:/home/xcy/ros2_workspace/install/robot_push/lib/python3.8/site-packages:${PYTHONPATH} /usr/bin/python3 setup.py egg_info --egg-base ../../build/robot_push build --build-base /home/xcy/ros2_workspace/build/robot_push/build install --record /home/xcy/ros2_workspace/build/robot_push/install.log --install-scripts $base/lib/robot_push --single-version-externally-managed
[0.964s] running egg_info
[0.964s] creating ../../build/robot_push/robot_push.egg-info
[0.964s] writing ../../build/robot_push/robot_push.egg-info/PKG-INFO
[0.964s] writing dependency_links to ../../build/robot_push/robot_push.egg-info/dependency_links.txt
[0.965s] writing entry points to ../../build/robot_push/robot_push.egg-info/entry_points.txt
[0.965s] writing requirements to ../../build/robot_push/robot_push.egg-info/requires.txt
[0.965s] writing top-level names to ../../build/robot_push/robot_push.egg-info/top_level.txt
[0.967s] writing manifest file '../../build/robot_push/robot_push.egg-info/SOURCES.txt'
[0.994s] reading manifest file '../../build/robot_push/robot_push.egg-info/SOURCES.txt'
[0.995s] writing manifest file '../../build/robot_push/robot_push.egg-info/SOURCES.txt'
[0.995s] running build
[0.995s] running build_py
[0.995s] creating /home/xcy/ros2_workspace/build/robot_push/build
[0.995s] creating /home/xcy/ros2_workspace/build/robot_push/build/lib
[0.995s] creating /home/xcy/ros2_workspace/build/robot_push/build/lib/robot_push
[0.995s] copying robot_push/py_sub_spiral.py -> /home/xcy/ros2_workspace/build/robot_push/build/lib/robot_push
[0.995s] copying robot_push/py_pub_spiral.py -> /home/xcy/ros2_workspace/build/robot_push/build/lib/robot_push
[0.995s] copying robot_push/__init__.py -> /home/xcy/ros2_workspace/build/robot_push/build/lib/robot_push
[0.995s] running install
[0.996s] running install_lib
[0.997s] creating /home/xcy/ros2_workspace/install/robot_push/lib/python3.8/site-packages/robot_push
[0.997s] copying /home/xcy/ros2_workspace/build/robot_push/build/lib/robot_push/py_sub_spiral.py -> /home/xcy/ros2_workspace/install/robot_push/lib/python3.8/site-packages/robot_push
[0.997s] copying /home/xcy/ros2_workspace/build/robot_push/build/lib/robot_push/py_pub_spiral.py -> /home/xcy/ros2_workspace/install/robot_push/lib/python3.8/site-packages/robot_push
[0.997s] copying /home/xcy/ros2_workspace/build/robot_push/build/lib/robot_push/__init__.py -> /home/xcy/ros2_workspace/install/robot_push/lib/python3.8/site-packages/robot_push
[0.997s] byte-compiling /home/xcy/ros2_workspace/install/robot_push/lib/python3.8/site-packages/robot_push/py_sub_spiral.py to py_sub_spiral.cpython-38.pyc
[0.999s] byte-compiling /home/xcy/ros2_workspace/install/robot_push/lib/python3.8/site-packages/robot_push/py_pub_spiral.py to py_pub_spiral.cpython-38.pyc
[0.999s] byte-compiling /home/xcy/ros2_workspace/install/robot_push/lib/python3.8/site-packages/robot_push/__init__.py to __init__.cpython-38.pyc
[0.999s] running install_data
[0.999s] creating /home/xcy/ros2_workspace/install/robot_push/share/ament_index
[1.000s] creating /home/xcy/ros2_workspace/install/robot_push/share/ament_index/resource_index
[1.000s] creating /home/xcy/ros2_workspace/install/robot_push/share/ament_index/resource_index/packages
[1.000s] copying resource/robot_push -> /home/xcy/ros2_workspace/install/robot_push/share/ament_index/resource_index/packages
[1.000s] copying package.xml -> /home/xcy/ros2_workspace/install/robot_push/share/robot_push
[1.000s] running install_egg_info
[1.001s] Copying ../../build/robot_push/robot_push.egg-info to /home/xcy/ros2_workspace/install/robot_push/lib/python3.8/site-packages/robot_push-0.0.0-py3.8.egg-info
[1.002s] running install_scripts
[1.015s] Installing py_topic_publisher_spiral script to /home/xcy/ros2_workspace/install/robot_push/lib/robot_push
[1.015s] Installing py_topic_subscriber_spiral script to /home/xcy/ros2_workspace/install/robot_push/lib/robot_push
[1.015s] writing list of installed files to '/home/xcy/ros2_workspace/build/robot_push/install.log'
[1.031s] Invoked command in '/home/xcy/ros2_workspace/src/robot_push' returned '0': PYTHONPATH=/home/xcy/ros2_workspace/build/robot_push/prefix_override:/home/xcy/ros2_workspace/install/robot_push/lib/python3.8/site-packages:${PYTHONPATH} /usr/bin/python3 setup.py egg_info --egg-base ../../build/robot_push build --build-base /home/xcy/ros2_workspace/build/robot_push/build install --record /home/xcy/ros2_workspace/build/robot_push/install.log --install-scripts $base/lib/robot_push --single-version-externally-managed
