[0.828s] Invoking command in '/home/xcy/ros2_workspace/src/py_topic': PYTHONPATH=/home/xcy/ros2_workspace/build/py_topic/prefix_override:/home/xcy/ros2_workspace/install/py_topic/lib/python3.8/site-packages:${PYTHONPATH} /usr/bin/python3 setup.py egg_info --egg-base ../../build/py_topic build --build-base /home/xcy/ros2_workspace/build/py_topic/build install --record /home/xcy/ros2_workspace/build/py_topic/install.log --install-scripts $base/lib/py_topic --single-version-externally-managed
[0.999s] running egg_info
[1.000s] writing ../../build/py_topic/py_topic.egg-info/PKG-INFO
[1.000s] writing dependency_links to ../../build/py_topic/py_topic.egg-info/dependency_links.txt
[1.000s] writing entry points to ../../build/py_topic/py_topic.egg-info/entry_points.txt
[1.000s] writing requirements to ../../build/py_topic/py_topic.egg-info/requires.txt
[1.000s] writing top-level names to ../../build/py_topic/py_topic.egg-info/top_level.txt
[1.031s] reading manifest file '../../build/py_topic/py_topic.egg-info/SOURCES.txt'
[1.032s] writing manifest file '../../build/py_topic/py_topic.egg-info/SOURCES.txt'
[1.032s] running build
[1.032s] running build_py
[1.032s] copying py_topic/py_pub_spiral.py -> /home/xcy/ros2_workspace/build/py_topic/build/lib/py_topic
[1.033s] running install
[1.033s] running install_lib
[1.034s] copying /home/xcy/ros2_workspace/build/py_topic/build/lib/py_topic/py_pub_spiral.py -> /home/xcy/ros2_workspace/install/py_topic/lib/python3.8/site-packages/py_topic
[1.035s] byte-compiling /home/xcy/ros2_workspace/install/py_topic/lib/python3.8/site-packages/py_topic/py_pub_spiral.py to py_pub_spiral.cpython-38.pyc
[1.036s] running install_data
[1.036s] running install_egg_info
[1.038s] removing '/home/xcy/ros2_workspace/install/py_topic/lib/python3.8/site-packages/py_topic-0.0.0-py3.8.egg-info' (and everything under it)
[1.038s] Copying ../../build/py_topic/py_topic.egg-info to /home/xcy/ros2_workspace/install/py_topic/lib/python3.8/site-packages/py_topic-0.0.0-py3.8.egg-info
[1.039s] running install_scripts
[1.053s] Installing py_pub_spiral script to /home/xcy/ros2_workspace/install/py_topic/lib/py_topic
[1.054s] Installing py_sup_spiral script to /home/xcy/ros2_workspace/install/py_topic/lib/py_topic
[1.054s] writing list of installed files to '/home/xcy/ros2_workspace/build/py_topic/install.log'
[1.071s] Invoked command in '/home/xcy/ros2_workspace/src/py_topic' returned '0': PYTHONPATH=/home/xcy/ros2_workspace/build/py_topic/prefix_override:/home/xcy/ros2_workspace/install/py_topic/lib/python3.8/site-packages:${PYTHONPATH} /usr/bin/python3 setup.py egg_info --egg-base ../../build/py_topic build --build-base /home/xcy/ros2_workspace/build/py_topic/build install --record /home/xcy/ros2_workspace/build/py_topic/install.log --install-scripts $base/lib/py_topic --single-version-externally-managed
